# JRE version: OpenJDK Runtime Environment (Red_OS-17.0.14.0.7-3.red80) (17.0.14+7) (build 17.0.14+7)
# Java VM: OpenJDK 64-Bit Server VM (Red_OS-17.0.14.0.7-3.red80) (17.0.14+7, mixed mode, sharing, tiered, compressed oops, compressed class ptrs, g1 gc, linux-amd64)
GC Precious Log:
 CPUs: 12 total, 12 available
 Memory: 15762M
 Large Page Support: Disabled
 NUMA Support: Disabled
 Compressed Oops: Enabled (Zero based)
 Heap Region Size: 2M
 Heap Min Capacity: 8M
 Heap Initial Capacity: 248M
 Heap Max Capacity: 3942M
 Pre-touch: Disabled
 Parallel Workers: 10
 Concurrent Workers: 3
 Concurrent Refinement Workers: 10
 Periodic GC: Disabled
Heap:
 garbage-first heap   total 61440K, used 15114K [0x0000000709a00000, 0x0000000800000000)
  region size 2048K, 3 young (6144K), 2 survivors (4096K)
 Metaspace       used 26949K, committed 27264K, reserved 1114112K
  class space    used 3576K, committed 3712K, reserved 1048576K
GC Heap History (6 events):
Event: 0,305 GC heap before
{Heap before GC invocations=0 (full 0):
 garbage-first heap   total 258048K, used 22452K [0x0000000709a00000, 0x0000000800000000)
  region size 2048K, 11 young (22528K), 0 survivors (0K)
 Metaspace       used 8230K, committed 8448K, reserved 1114112K
  class space    used 906K, committed 1024K, reserved 1048576K
}
Event: 0,307 GC heap after
{Heap after GC invocations=1 (full 0):
 garbage-first heap   total 258048K, used 5437K [0x0000000709a00000, 0x0000000800000000)
  region size 2048K, 2 young (4096K), 2 survivors (4096K)
 Metaspace       used 8230K, committed 8448K, reserved 1114112K
  class space    used 906K, committed 1024K, reserved 1048576K
}
Event: 3,137 GC heap before
{Heap before GC invocations=1 (full 0):
 garbage-first heap   total 258048K, used 54589K [0x0000000709a00000, 0x0000000800000000)
  region size 2048K, 26 young (53248K), 2 survivors (4096K)
 Metaspace       used 21299K, committed 21504K, reserved 1114112K
  class space    used 3054K, committed 3136K, reserved 1048576K
}
Event: 3,143 GC heap after
{Heap after GC invocations=2 (full 0):
 garbage-first heap   total 258048K, used 12653K [0x0000000709a00000, 0x0000000800000000)
  region size 2048K, 4 young (8192K), 4 survivors (8192K)
 Metaspace       used 21299K, committed 21504K, reserved 1114112K
  class space    used 3054K, committed 3136K, reserved 1048576K
}
Event: 260,267 GC heap before
{Heap before GC invocations=3 (full 0):
 garbage-first heap   total 61440K, used 41325K [0x0000000709a00000, 0x0000000800000000)
  region size 2048K, 18 young (36864K), 4 survivors (8192K)
 Metaspace       used 26829K, committed 27136K, reserved 1114112K
  class space    used 3562K, committed 3712K, reserved 1048576K
}
Event: 260,280 GC heap after
{Heap after GC invocations=4 (full 0):
 garbage-first heap   total 61440K, used 15114K [0x0000000709a00000, 0x0000000800000000)
  region size 2048K, 2 young (4096K), 2 survivors (4096K)
 Metaspace       used 26829K, committed 27136K, reserved 1114112K
  class space    used 3562K, committed 3712K, reserved 1048576K
}

