# JRE version: OpenJDK Runtime Environment (Red_OS-17.0.14.0.7-3.red80) (17.0.14+7) (build 17.0.14+7)
# Java VM: OpenJDK 64-Bit Server VM (Red_OS-17.0.14.0.7-3.red80) (17.0.14+7, mixed mode, sharing, tiered, compressed oops, compressed class ptrs, g1 gc, linux-amd64)
GC Precious Log:
 CPUs: 12 total, 12 available
 Memory: 15762M
 Large Page Support: Disabled
 NUMA Support: Disabled
 Compressed Oops: Enabled (Zero based)
 Heap Region Size: 2M
 Heap Min Capacity: 8M
 Heap Initial Capacity: 248M
 Heap Max Capacity: 3942M
 Pre-touch: Disabled
 Parallel Workers: 10
 Concurrent Workers: 3
 Concurrent Refinement Workers: 10
 Periodic GC: Disabled
Heap:
 garbage-first heap   total 61440K, used 29566K [0x0000000709a00000, 0x0000000800000000)
  region size 2048K, 8 young (16384K), 2 survivors (4096K)
 Metaspace       used 29021K, committed 29248K, reserved 1114112K
  class space    used 3811K, committed 3904K, reserved 1048576K
GC Heap History (10 events):
Event: 0,326 GC heap before
{Heap before GC invocations=0 (full 0):
 garbage-first heap   total 258048K, used 22452K [0x0000000709a00000, 0x0000000800000000)
  region size 2048K, 11 young (22528K), 0 survivors (0K)
 Metaspace       used 8258K, committed 8512K, reserved 1114112K
  class space    used 911K, committed 1024K, reserved 1048576K
}
Event: 0,329 GC heap after
{Heap after GC invocations=1 (full 0):
 garbage-first heap   total 258048K, used 5577K [0x0000000709a00000, 0x0000000800000000)
  region size 2048K, 2 young (4096K), 2 survivors (4096K)
 Metaspace       used 8258K, committed 8512K, reserved 1114112K
  class space    used 911K, committed 1024K, reserved 1048576K
}
Event: 2,900 GC heap before
{Heap before GC invocations=1 (full 0):
 garbage-first heap   total 258048K, used 54729K [0x0000000709a00000, 0x0000000800000000)
  region size 2048K, 26 young (53248K), 2 survivors (4096K)
 Metaspace       used 21307K, committed 21504K, reserved 1114112K
  class space    used 3052K, committed 3136K, reserved 1048576K
}
Event: 2,910 GC heap after
{Heap after GC invocations=2 (full 0):
 garbage-first heap   total 258048K, used 12572K [0x0000000709a00000, 0x0000000800000000)
  region size 2048K, 4 young (8192K), 4 survivors (8192K)
 Metaspace       used 21307K, committed 21504K, reserved 1114112K
  class space    used 3052K, committed 3136K, reserved 1048576K
}
Event: 16,297 GC heap before
{Heap before GC invocations=3 (full 0):
 garbage-first heap   total 61440K, used 41244K [0x0000000709a00000, 0x0000000800000000)
  region size 2048K, 18 young (36864K), 4 survivors (8192K)
 Metaspace       used 26841K, committed 27072K, reserved 1114112K
  class space    used 3544K, committed 3648K, reserved 1048576K
}
Event: 16,301 GC heap after
{Heap after GC invocations=4 (full 0):
 garbage-first heap   total 61440K, used 15741K [0x0000000709a00000, 0x0000000800000000)
  region size 2048K, 2 young (4096K), 2 survivors (4096K)
 Metaspace       used 26841K, committed 27072K, reserved 1114112K
  class space    used 3544K, committed 3648K, reserved 1048576K
}
Event: 25,707 GC heap before
{Heap before GC invocations=4 (full 0):
 garbage-first heap   total 61440K, used 17789K [0x0000000709a00000, 0x0000000800000000)
  region size 2048K, 3 young (6144K), 2 survivors (4096K)
 Metaspace       used 27287K, committed 27520K, reserved 1114112K
  class space    used 3613K, committed 3712K, reserved 1048576K
}
Event: 25,712 GC heap after
{Heap after GC invocations=5 (full 0):
 garbage-first heap   total 61440K, used 15908K [0x0000000709a00000, 0x0000000800000000)
  region size 2048K, 1 young (2048K), 1 survivors (2048K)
 Metaspace       used 27287K, committed 27520K, reserved 1114112K
  class space    used 3613K, committed 3712K, reserved 1048576K
}
Event: 27,841 GC heap before
{Heap before GC invocations=5 (full 0):
 garbage-first heap   total 61440K, used 38436K [0x0000000709a00000, 0x0000000800000000)
  region size 2048K, 12 young (24576K), 1 survivors (2048K)
 Metaspace       used 28835K, committed 29120K, reserved 1114112K
  class space    used 3797K, committed 3904K, reserved 1048576K
}
Event: 27,844 GC heap after
{Heap after GC invocations=6 (full 0):
 garbage-first heap   total 61440K, used 19326K [0x0000000709a00000, 0x0000000800000000)
  region size 2048K, 2 young (4096K), 2 survivors (4096K)
 Metaspace       used 28835K, committed 29120K, reserved 1114112K
  class space    used 3797K, committed 3904K, reserved 1048576K
}

