# JRE version: OpenJDK Runtime Environment (Red_OS-17.0.14.0.7-3.red80) (17.0.14+7) (build 17.0.14+7)
# Java VM: OpenJDK 64-Bit Server VM (Red_OS-17.0.14.0.7-3.red80) (17.0.14+7, mixed mode, sharing, tiered, compressed oops, compressed class ptrs, g1 gc, linux-amd64)
GC Precious Log:
 CPUs: 12 total, 12 available
 Memory: 15762M
 Large Page Support: Disabled
 NUMA Support: Disabled
 Compressed Oops: Enabled (Zero based)
 Heap Region Size: 2M
 Heap Min Capacity: 8M
 Heap Initial Capacity: 248M
 Heap Max Capacity: 3942M
 Pre-touch: Disabled
 Parallel Workers: 10
 Concurrent Workers: 3
 Concurrent Refinement Workers: 10
 Periodic GC: Disabled
Heap:
 garbage-first heap   total 53248K, used 24732K [0x0000000709a00000, 0x0000000800000000)
  region size 2048K, 6 young (12288K), 1 survivors (2048K)
 Metaspace       used 27232K, committed 27520K, reserved 1114112K
  class space    used 3552K, committed 3648K, reserved 1048576K
GC Heap History (10 events):
Event: 0,327 GC heap before
{Heap before GC invocations=0 (full 0):
 garbage-first heap   total 258048K, used 22452K [0x0000000709a00000, 0x0000000800000000)
  region size 2048K, 11 young (22528K), 0 survivors (0K)
 Metaspace       used 8302K, committed 8512K, reserved 1114112K
  class space    used 920K, committed 1024K, reserved 1048576K
}
Event: 0,329 GC heap after
{Heap after GC invocations=1 (full 0):
 garbage-first heap   total 258048K, used 5361K [0x0000000709a00000, 0x0000000800000000)
  region size 2048K, 2 young (4096K), 2 survivors (4096K)
 Metaspace       used 8302K, committed 8512K, reserved 1114112K
  class space    used 920K, committed 1024K, reserved 1048576K
}
Event: 3,648 GC heap before
{Heap before GC invocations=1 (full 0):
 garbage-first heap   total 258048K, used 48369K [0x0000000709a00000, 0x0000000800000000)
  region size 2048K, 24 young (49152K), 2 survivors (4096K)
 Metaspace       used 21330K, committed 21504K, reserved 1114112K
  class space    used 2793K, committed 2880K, reserved 1048576K
}
Event: 3,652 GC heap after
{Heap after GC invocations=2 (full 0):
 garbage-first heap   total 258048K, used 9995K [0x0000000709a00000, 0x0000000800000000)
  region size 2048K, 4 young (8192K), 4 survivors (8192K)
 Metaspace       used 21330K, committed 21504K, reserved 1114112K
  class space    used 2793K, committed 2880K, reserved 1048576K
}
Event: 6,595 GC heap before
{Heap before GC invocations=3 (full 0):
 garbage-first heap   total 49152K, used 34571K [0x0000000709a00000, 0x0000000800000000)
  region size 2048K, 16 young (32768K), 4 survivors (8192K)
 Metaspace       used 24881K, committed 25088K, reserved 1114112K
  class space    used 3182K, committed 3264K, reserved 1048576K
}
Event: 6,601 GC heap after
{Heap after GC invocations=4 (full 0):
 garbage-first heap   total 53248K, used 16387K [0x0000000709a00000, 0x0000000800000000)
  region size 2048K, 5 young (10240K), 5 survivors (10240K)
 Metaspace       used 24881K, committed 25088K, reserved 1114112K
  class space    used 3182K, committed 3264K, reserved 1048576K
}
Event: 49,172 GC heap before
{Heap before GC invocations=4 (full 0):
 garbage-first heap   total 53248K, used 32771K [0x0000000709a00000, 0x0000000800000000)
  region size 2048K, 13 young (26624K), 5 survivors (10240K)
 Metaspace       used 25260K, committed 25536K, reserved 1114112K
  class space    used 3187K, committed 3328K, reserved 1048576K
}
Event: 49,176 GC heap after
{Heap after GC invocations=5 (full 0):
 garbage-first heap   total 53248K, used 17639K [0x0000000709a00000, 0x0000000800000000)
  region size 2048K, 1 young (2048K), 1 survivors (2048K)
 Metaspace       used 25260K, committed 25536K, reserved 1114112K
  class space    used 3187K, committed 3328K, reserved 1048576K
}
Event: 53,269 GC heap before
{Heap before GC invocations=5 (full 0):
 garbage-first heap   total 53248K, used 36071K [0x0000000709a00000, 0x0000000800000000)
  region size 2048K, 10 young (20480K), 1 survivors (2048K)
 Metaspace       used 25320K, committed 25600K, reserved 1114112K
  class space    used 3189K, committed 3328K, reserved 1048576K
}
Event: 53,272 GC heap after
{Heap after GC invocations=6 (full 0):
 garbage-first heap   total 53248K, used 16540K [0x0000000709a00000, 0x0000000800000000)
  region size 2048K, 1 young (2048K), 1 survivors (2048K)
 Metaspace       used 25320K, committed 25600K, reserved 1114112K
  class space    used 3189K, committed 3328K, reserved 1048576K
}

